42 error Error: Command failed with exit code 1: npm install --package-lock-only --ignore-scripts
42 error npm ERR! code ERESOLVE
42 error npm ERR! ERESOLVE could not resolve
42 error npm ERR!
42 error npm ERR! While resolving: hjh-cli@undefined
42 error npm ERR! Found: typescript@5.6.3
42 error npm ERR! node_modules/typescript
42 error npm ERR!   dev typescript@"^5.0.4" from the root project
42 error npm ERR!   peer typescript@">=2.7" from ts-node@10.9.2
42 error npm ERR!   node_modules/ts-node
42 error npm ERR!     dev ts-node@"^10.9.1" from the root project
42 error npm ERR!
42 error npm ERR! Could not resolve dependency:
42 error npm ERR! dev typedoc@"^0.24.7" from the root project
42 error npm ERR!
42 error npm ERR! Conflicting peer dependency: typescript@5.1.6
42 error npm ERR! node_modules/typescript
42 error npm ERR!   peer typescript@"4.6.x || 4.7.x || 4.8.x || 4.9.x || 5.0.x || 5.1.x" from typedoc@0.24.8
42 error npm ERR!   node_modules/typedoc
42 error npm ERR!     dev typedoc@"^0.24.7" from the root project
42 error npm ERR!
42 error npm ERR! Fix the upstream dependency conflict, or retry
42 error npm ERR! this command with --force or --legacy-peer-deps
42 error npm ERR! to accept an incorrect (and potentially broken) dependency resolution.
42 error npm ERR!
42 error npm ERR!
42 error npm ERR! For a full report see:
42 error npm ERR! C:\Users\10036\AppData\Local\npm-cache\_logs\2024-10-25T05_24_40_725Z-eresolve-report.txt
42 error
42 error npm ERR! A complete log of this run can be found in: C:\Users\10036\AppData\Local\npm-cache\_logs\2024-10-25T05_24_40_725Z-debug-0.log
42 error     at makeError (C:\Users\10036\Desktop\cli-hjh\hjh-cli\node_modules\.pnpm\execa@5.0.0\node_modules\execa\lib\error.js:59:11)
42 error     at handlePromise (C:\Users\10036\Desktop\cli-hjh\hjh-cli\node_modules\.pnpm\execa@5.0.0\node_modules\execa\index.js:114:26)
42 error     at process.processTicksAndRejections (node:internal/process/task_queues:95:5)
42 error     at async Promise.all (index 0)
